#
# A fatal error has been detected by the Java Runtime Environment:
#
#  Internal Error (javaClasses.cpp:129), pid=3384, tid=1100
#  fatal error: Invalid layout of preloaded class
#
# JRE version: 7.0_25-b17
# Java VM: Java HotSpot(TM) Client VM (23.25-b01 mixed mode windows-x86 )
# Failed to write core dump. Minidumps are not enabled by default on client versions of Windows
#
# If you would like to submit a bug report, please visit:
#   http://bugreport.sun.com/bugreport/crash.jsp
#

---------------  T H R E A D  ---------------

Current thread (0x0022b000):  JavaThread "Unknown thread" [_thread_in_vm, id=1100, stack(0x00eb0000,0x00f00000)]

Stack: [0x00eb0000,0x00f00000],  sp=0x00eff698,  free space=317k
Native frames: (J=compiled Java code, j=interpreted, Vv=VM code, C=native code)
V  [jvm.dll+0x167e31]
V  [jvm.dll+0x1620f6]
V  [jvm.dll+0x1f92f]
V  [jvm.dll+0x1f9b6]
V  [jvm.dll+0x2cffd]
V  [jvm.dll+0x2d2a9]
V  [jvm.dll+0x75351]
V  [jvm.dll+0x7570b]
V  [jvm.dll+0x123881]
V  [jvm.dll+0x1439cc]
V  [jvm.dll+0xa619f]
C  [javaw.exe+0x13ca]
C  [javaw.exe+0x1e3c]
C  [javaw.exe+0xa5b1]
C  [javaw.exe+0xa63b]
C  [kernel32.dll+0x133ca]  BaseThreadInitThunk+0x12
C  [ntdll.dll+0x39ed2]  RtlInitializeExceptionChain+0x63
C  [ntdll.dll+0x39ea5]  RtlInitializeExceptionChain+0x36


---------------  P R O C E S S  ---------------

Java Threads: ( => current thread )

Other Threads:

=>0x0022b000 (exited) JavaThread "Unknown thread" [_thread_in_vm, id=1100, stack(0x00eb0000,0x00f00000)]

VM state:not at safepoint (not fully initialized)

VM Mutex/Monitor currently owned by a thread: None

GC Heap History (0 events):
No events

Deoptimization events (0 events):
No events

Internal exceptions (0 events):
No events

Events (10 events):
Event: 0.017 loading class 0x00493520
Event: 0.017 loading class 0x00493520 done
Event: 0.017 loading class 0x00493570
Event: 0.017 loading class 0x00493e08
Event: 0.017 loading class 0x00493e08 done
Event: 0.017 loading class 0x004b8c80
Event: 0.017 loading class 0x004b8c80 done
Event: 0.018 loading class 0x00493570 done
Event: 0.018 loading class 0x00493548
Event: 0.018 loading class 0x00493548 done


Dynamic libraries:
0x010f0000 - 0x0111f000 	C:\Program Files (x86)\Java\jre7\bin\javaw.exe
0x775c0000 - 0x77740000 	C:\Windows\SysWOW64\ntdll.dll
0x76df0000 - 0x76f00000 	C:\Windows\syswow64\kernel32.dll
0x75280000 - 0x752c6000 	C:\Windows\syswow64\KERNELBASE.dll
0x770e0000 - 0x77180000 	C:\Windows\syswow64\ADVAPI32.dll
0x75430000 - 0x754dc000 	C:\Windows\syswow64\msvcrt.dll
0x76b00000 - 0x76b19000 	C:\Windows\SysWOW64\sechost.dll
0x76780000 - 0x76870000 	C:\Windows\syswow64\RPCRT4.dll
0x75120000 - 0x75180000 	C:\Windows\syswow64\SspiCli.dll
0x75110000 - 0x7511c000 	C:\Windows\syswow64\CRYPTBASE.dll
0x76680000 - 0x76780000 	C:\Windows\syswow64\USER32.dll
0x75610000 - 0x756a0000 	C:\Windows\syswow64\GDI32.dll
0x75a20000 - 0x75a2a000 	C:\Windows\syswow64\LPK.dll
0x75540000 - 0x755dd000 	C:\Windows\syswow64\USP10.dll
0x712a0000 - 0x7143e000 	C:\Windows\WinSxS\x86_microsoft.windows.common-controls_6595b64144ccf1df_6.0.7601.17514_none_41e6975e2bd6f2b2\COMCTL32.dll
0x756a0000 - 0x756f7000 	C:\Windows\syswow64\SHLWAPI.dll
0x754e0000 - 0x75540000 	C:\Windows\system32\IMM32.DLL
0x76f50000 - 0x7701c000 	C:\Windows\syswow64\MSCTF.dll
0x6c810000 - 0x6c8ce000 	C:\Program Files (x86)\Java\jre7\bin\msvcr100.dll
0x6e520000 - 0x6e862000 	C:\Program Files (x86)\Java\jre7\bin\client\jvm.dll
0x74080000 - 0x74087000 	C:\Windows\system32\WSOCK32.dll
0x77180000 - 0x771b5000 	C:\Windows\syswow64\WS2_32.dll
0x77020000 - 0x77026000 	C:\Windows\syswow64\NSI.dll
0x73660000 - 0x73692000 	C:\Windows\system32\WINMM.dll
0x759c0000 - 0x759c5000 	C:\Windows\syswow64\PSAPI.DLL
0x746f0000 - 0x746fc000 	C:\Program Files (x86)\Java\jre7\bin\verify.dll
0x736c0000 - 0x736e0000 	C:\Program Files (x86)\Java\jre7\bin\java.dll
0x739d0000 - 0x739e3000 	C:\Program Files (x86)\Java\jre7\bin\zip.dll
0x737c0000 - 0x738ab000 	C:\Windows\system32\dbghelp.dll

VM Arguments:
jvm_args: -Dfile.encoding=Cp1252 -Xbootclasspath:C:\Program Files (x86)\leJOS NXJ\lib\nxt\classes.jar 
java_command: capture.TestDijkstra
Launcher Type: SUN_STANDARD

Environment Variables:
JAVA_HOME=C:\Program Files\Java\jdk1.7.0_05
PATH=C:/Program Files (x86)/Java/jre7/bin/client;C:/Program Files (x86)/Java/jre7/bin;C:/Program Files (x86)/Java/jre7/lib/i386;C:\Python26\;C:\Tcl\bin;C:\Perl\site\bin;C:\Perl\bin;C:\Windows\system32;C:\Windows;C:\Windows\System32\Wbem;c:\Program Files\Microsoft SQL Server\90\Tools\binn\;DSROOT\tools\bin;DSROOT\tools\pcb\bin;DSROOT\tools\specctra\bin;DSROOT\tools\Capture;DSROOT\tools\fet\bin;DSROOT\tools\libutil\bin;C:\Program Files\MATLAB\R2009a\bin;C:\Program Files\MATLAB\R2009a\bin\win32;c:\snec\bin;C:\Program Files\TortoiseSVN\bin;QUARTUS_ROOTDIR\bin;C:\Program Files\IVI Foundation\IVI\bin;C:\Program Files\IVI Foundation\VISA\WinNT\Bin\;C:\PROGRA~1\IVIFOU~1\VISA\WinNT\Bin;C:\Program Files\IVI Foundation\VISA\WinNT\Bin;C:\Program Files (x86)\leJOS NXJ\bin;C:\Program Files\Java\jdk1.7.0_05\bin;C:\Program Files (x86)\ATI Technologies\ATI.ACE\Core-Static;C:\Program Files (x86)\leJOS NXJ\bin;C:\Program Files\eclipse-standard-kepler-R-win32\eclipse;
USERNAME=aparis12
OS=Windows_NT
PROCESSOR_IDENTIFIER=Intel64 Family 6 Model 42 Stepping 7, GenuineIntel



---------------  S Y S T E M  ---------------

OS: Windows 7 , 64 bit Build 7601 Service Pack 1

CPU:total 4 (4 cores per cpu, 1 threads per core) family 6 model 42 stepping 7, cmov, cx8, fxsr, mmx, sse, sse2, sse3, ssse3, sse4.1, sse4.2, popcnt, avx, tsc, tscinvbit

Memory: 4k page, physical 4150168k(2794340k free), swap 8298492k(6472952k free)

vm_info: Java HotSpot(TM) Client VM (23.25-b01) for windows-x86 JRE (1.7.0_25-b17), built on Jun 21 2013 13:06:48 by "java_re" with unknown MS VC++:1600

time: Tue Mar 25 15:29:04 2014
elapsed time: 0 seconds

